# Cosmological parameters
OmegaMh2 = 0.137
OmegaBh2 = 0.0224
OmegaKh2 = 0
OmegaRh2 = 4.1832902e-05
Tgamma = 2.72548
zinit = 10000
Neff = 3.046

# Running Quintessence model with user-defined potential: linear for sequestering.
Mass = 1
phi0 = 1
phidot0 = 0.01
Model = Quintessence

# Beginning run
# Columns in data file are as follows:
# time, a, redshift, H, Hdot, phi, phidot, phiddot, Omega_m, Omega_r, Omega_k, Omega_Q, w_total, rho_Q/rho_c, P_Q/rho_c, w_Q, Error

# Warning: final equation of state of dark energy is > -0.9

# Warning summary:
FinalEOS = 1

# Values from evolution of model are as follows:
modelh = 0.62604627
modelOmegaR = 0.00010673457
modelOmegaM = 0.3495487
modelOmegaB = 0.057152489
modelOmegaK = 0
modelOmegaLambda = 0.65034456

# Beginning postprocessing
# Columns in post-processed data file are as follows:
# redshift, DC, DM, DA, DL, mu
# DC, DM, DA and DL are all in Mpc.

SoundScaleCMB = 145.82332
SoundScaleDrag = 152.39182

AcousticScale = 305.31978
ShiftR = 1.7497324
zCMB = 1091.343
zdrag = 1020.2508

WMAPchi = 29.916663
PLANCKchi = 586.00727
SNchi = 1257.2759
Hubblechi = 0.13672884
6dFGSchi = 1.8096108
SDSSchi = 6.6717537
SDSSRchi = 8.6575762
WiggleZchi = 0.37261826
BOSSDR9chi = 1.3076725
BOSSDR11chi = 4.9162988
BAOtotalchi = 15.077954
BAOtotalrchi = 17.063776
combinationchi = 1302.2705
chicombo = 19

# Evolution complete in 49.69 milliseconds.
